2025-09-09 08:12:16,086 - root - INFO - Starting Display Application
2025-09-09 08:12:16,662 - display_app.services.chart_service - INFO - Using Persian font: Tahoma
2025-09-09 08:12:16,711 - display_app.services.chart_service - INFO - Using Persian font: Tahoma
2025-09-09 08:12:16,774 - display_app.utils.date_utils - INFO - Persian locale set successfully
2025-09-09 08:12:18,218 - root - INFO - Started monitoring: ../management_app/data
2025-09-09 08:12:18,219 - root - INFO - Started synchronization
2025-09-09 08:12:18,222 - display_app.services.data_service - WARNING - Today's report not found: report_2025-09-09.json, trying latest report
2025-09-09 08:12:18,449 - root - INFO - Display Application started successfully
2025-09-09 08:12:48,220 - root - INFO - Periodic sync triggered
2025-09-09 08:12:48,220 - root - INFO - Sync callback triggered
2025-09-09 08:13:18,240 - root - INFO - Periodic sync triggered
2025-09-09 08:13:18,253 - root - INFO - Sync callback triggered
2025-09-09 08:13:48,301 - root - INFO - Periodic sync triggered
2025-09-09 08:13:48,304 - root - INFO - Sync callback triggered
2025-09-09 08:14:18,310 - root - INFO - Periodic sync triggered
2025-09-09 08:14:18,310 - root - INFO - Sync callback triggered
2025-09-09 08:14:48,314 - root - INFO - Periodic sync triggered
2025-09-09 08:14:48,314 - root - INFO - Sync callback triggered
2025-09-09 08:15:18,316 - root - INFO - Periodic sync triggered
2025-09-09 08:15:18,318 - root - INFO - Sync callback triggered
2025-09-09 08:15:48,320 - root - INFO - Periodic sync triggered
2025-09-09 08:15:48,320 - root - INFO - Sync callback triggered
2025-09-09 08:16:18,322 - root - INFO - Periodic sync triggered
2025-09-09 08:16:18,324 - root - INFO - Sync callback triggered
2025-09-09 08:21:43,259 - root - INFO - Starting Display Application
2025-09-09 08:21:43,999 - display_app.services.chart_service - INFO - Using Persian font: Tahoma
2025-09-09 08:21:44,083 - display_app.services.chart_service - INFO - Using Persian font: Tahoma
2025-09-09 08:21:44,107 - display_app.utils.date_utils - INFO - Persian locale set successfully
2025-09-09 08:21:45,685 - root - INFO - Started monitoring: ../management_app/data
2025-09-09 08:21:45,686 - root - INFO - Started synchronization
2025-09-09 08:21:45,687 - display_app.services.data_service - WARNING - Today's report not found: report_2025-09-09.json, trying latest report
2025-09-09 08:21:45,853 - root - INFO - Display Application started successfully
2025-09-09 08:21:50,687 - root - INFO - Periodic sync triggered
2025-09-09 08:21:50,687 - root - INFO - Sync callback triggered
2025-09-09 08:21:55,689 - root - INFO - Periodic sync triggered
2025-09-09 08:21:55,689 - root - INFO - Sync callback triggered
2025-09-09 08:22:00,692 - root - INFO - Periodic sync triggered
2025-09-09 08:22:00,693 - root - INFO - Sync callback triggered
2025-09-09 08:22:05,697 - root - INFO - Periodic sync triggered
2025-09-09 08:22:05,697 - root - INFO - Sync callback triggered
2025-09-09 08:22:10,699 - root - INFO - Periodic sync triggered
2025-09-09 08:22:10,700 - root - INFO - Sync callback triggered
2025-09-09 08:22:15,704 - root - INFO - Periodic sync triggered
2025-09-09 08:22:15,704 - root - INFO - Sync callback triggered
2025-09-09 08:22:20,722 - root - INFO - Periodic sync triggered
2025-09-09 08:22:20,722 - root - INFO - Sync callback triggered
2025-09-09 08:22:25,724 - root - INFO - Periodic sync triggered
2025-09-09 08:22:25,724 - root - INFO - Sync callback triggered
2025-09-09 08:22:30,762 - root - INFO - Periodic sync triggered
2025-09-09 08:22:30,763 - root - INFO - Sync callback triggered
2025-09-09 08:22:35,764 - root - INFO - Periodic sync triggered
2025-09-09 08:22:35,764 - root - INFO - Sync callback triggered
2025-09-09 08:22:40,767 - root - INFO - Periodic sync triggered
2025-09-09 08:22:40,767 - root - INFO - Sync callback triggered
2025-09-09 08:22:45,770 - root - INFO - Periodic sync triggered
2025-09-09 08:22:45,771 - root - INFO - Sync callback triggered
2025-09-09 08:22:50,778 - root - INFO - Periodic sync triggered
2025-09-09 08:22:50,778 - root - INFO - Sync callback triggered
2025-09-09 08:22:55,781 - root - INFO - Periodic sync triggered
2025-09-09 08:22:55,781 - root - INFO - Sync callback triggered
2025-09-09 08:23:00,784 - root - INFO - Periodic sync triggered
2025-09-09 08:23:00,784 - root - INFO - Sync callback triggered
2025-09-09 08:23:05,805 - root - INFO - Periodic sync triggered
2025-09-09 08:23:05,805 - root - INFO - Sync callback triggered
2025-09-09 08:23:10,807 - root - INFO - Periodic sync triggered
2025-09-09 08:23:10,807 - root - INFO - Sync callback triggered
2025-09-09 08:23:15,809 - root - INFO - Periodic sync triggered
2025-09-09 08:23:15,809 - root - INFO - Sync callback triggered
2025-09-09 08:23:20,811 - root - INFO - Periodic sync triggered
2025-09-09 08:23:20,811 - root - INFO - Sync callback triggered
2025-09-09 08:23:25,816 - root - INFO - Periodic sync triggered
2025-09-09 08:23:25,816 - root - INFO - Sync callback triggered
2025-09-09 08:23:30,819 - root - INFO - Periodic sync triggered
2025-09-09 08:23:30,820 - root - INFO - Sync callback triggered
2025-09-09 08:23:35,821 - root - INFO - Periodic sync triggered
2025-09-09 08:23:35,822 - root - INFO - Sync callback triggered
2025-09-09 08:23:40,826 - root - INFO - Periodic sync triggered
2025-09-09 08:23:40,827 - root - INFO - Sync callback triggered
2025-09-09 08:23:45,830 - root - INFO - Periodic sync triggered
2025-09-09 08:23:45,830 - root - INFO - Sync callback triggered
2025-09-09 08:23:50,832 - root - INFO - Periodic sync triggered
2025-09-09 08:23:50,832 - root - INFO - Sync callback triggered
2025-09-09 08:23:55,835 - root - INFO - Periodic sync triggered
2025-09-09 08:23:55,835 - root - INFO - Sync callback triggered
2025-09-09 08:24:00,839 - root - INFO - Periodic sync triggered
2025-09-09 08:24:00,839 - root - INFO - Sync callback triggered
2025-09-09 08:24:05,843 - root - INFO - Periodic sync triggered
2025-09-09 08:24:05,843 - root - INFO - Sync callback triggered
2025-09-09 08:24:10,845 - root - INFO - Periodic sync triggered
2025-09-09 08:24:10,845 - root - INFO - Sync callback triggered
2025-09-09 08:24:15,852 - root - INFO - Periodic sync triggered
2025-09-09 08:24:15,852 - root - INFO - Sync callback triggered
2025-09-09 08:24:20,855 - root - INFO - Periodic sync triggered
2025-09-09 08:24:20,855 - root - INFO - Sync callback triggered
2025-09-09 08:24:22,685 - root - INFO - Stopped monitoring
2025-09-09 08:24:25,858 - root - INFO - Stopped synchronization
2025-09-09 08:53:53,151 - root - INFO - Starting Display Application
2025-09-09 08:53:53,933 - display_app.services.chart_service - INFO - Using Persian font: Tahoma
2025-09-09 08:53:54,120 - display_app.services.chart_service - INFO - Using Persian font: Tahoma
2025-09-09 08:53:54,132 - display_app.utils.date_utils - INFO - Persian locale set successfully
2025-09-09 08:53:55,768 - root - INFO - Started monitoring: ../management_app/data
2025-09-09 08:53:55,768 - root - INFO - Started synchronization
2025-09-09 08:53:55,768 - display_app.services.data_service - WARNING - Today's report not found: report_2025-09-09.json, trying latest report
2025-09-09 08:53:55,913 - root - INFO - Display Application started successfully
2025-09-09 08:54:25,772 - root - INFO - Periodic sync triggered
2025-09-09 08:54:25,773 - root - INFO - Sync callback triggered
2025-09-09 08:54:55,861 - root - INFO - Periodic sync triggered
2025-09-09 08:54:55,861 - root - INFO - Sync callback triggered
2025-09-09 08:55:15,200 - root - INFO - Stopped monitoring
2025-09-09 08:55:20,211 - root - INFO - Stopped synchronization
2025-09-09 09:13:24,102 - root - INFO - Starting Display Application
2025-09-09 09:13:24,924 - display_app.services.chart_service - INFO - Using Persian font: Tahoma
2025-09-09 09:13:25,049 - display_app.services.chart_service - INFO - Using Persian font: Tahoma
2025-09-09 09:13:25,068 - display_app.utils.date_utils - INFO - Persian locale set successfully
2025-09-09 09:13:26,730 - root - INFO - Started monitoring: ../management_app/data
2025-09-09 09:13:26,730 - root - INFO - Started synchronization
2025-09-09 09:13:26,730 - display_app.services.data_service - WARNING - Today's report not found: report_2025-09-09.json, trying latest report
2025-09-09 09:13:26,926 - root - INFO - Display Application started successfully
2025-09-09 09:13:56,736 - root - INFO - Periodic sync triggered
2025-09-09 09:13:56,738 - root - INFO - Sync callback triggered
2025-09-09 09:14:26,746 - root - INFO - Periodic sync triggered
2025-09-09 09:14:26,823 - root - INFO - Sync callback triggered
2025-09-09 09:14:56,825 - root - INFO - Periodic sync triggered
2025-09-09 09:14:56,825 - root - INFO - Sync callback triggered
2025-09-09 09:15:26,828 - root - INFO - Periodic sync triggered
2025-09-09 09:15:26,828 - root - INFO - Sync callback triggered
2025-09-09 09:15:56,830 - root - INFO - Periodic sync triggered
2025-09-09 09:15:56,830 - root - INFO - Sync callback triggered
2025-09-09 09:16:16,500 - root - INFO - Stopped monitoring
2025-09-09 09:16:21,501 - root - INFO - Stopped synchronization
2025-09-09 09:29:57,923 - root - INFO - Starting Display Application
2025-09-09 09:29:58,742 - display_app.services.chart_service - INFO - Using Persian font: Tahoma
2025-09-09 09:29:58,828 - display_app.services.chart_service - INFO - Using Persian font: Tahoma
2025-09-09 09:29:58,831 - display_app.utils.date_utils - INFO - Persian locale set successfully
2025-09-09 09:30:00,507 - root - INFO - Started monitoring: ../management_app/data
2025-09-09 09:30:00,507 - root - INFO - Started synchronization
2025-09-09 09:30:00,507 - display_app.services.data_service - WARNING - Today's report not found: report_2025-09-09.json, trying latest report
2025-09-09 09:30:00,760 - root - INFO - Display Application started successfully
2025-09-09 09:30:30,511 - root - INFO - Periodic sync triggered
2025-09-09 09:30:30,594 - root - INFO - Sync callback triggered
2025-09-09 09:31:00,646 - root - INFO - Periodic sync triggered
2025-09-09 09:31:00,646 - root - INFO - Sync callback triggered
2025-09-09 09:31:30,649 - root - INFO - Periodic sync triggered
2025-09-09 09:31:30,651 - root - INFO - Sync callback triggered
2025-09-09 09:31:41,096 - root - INFO - Stopped monitoring
2025-09-09 09:31:46,097 - root - INFO - Stopped synchronization
2025-09-09 09:46:02,779 - root - INFO - Starting Display Application
2025-09-09 09:46:04,320 - display_app.services.chart_service - INFO - Using Persian font: Tahoma
2025-09-09 09:46:04,611 - display_app.services.chart_service - INFO - Using Persian font: Tahoma
2025-09-09 09:46:04,631 - display_app.utils.date_utils - INFO - Persian locale set successfully
2025-09-09 09:46:06,872 - root - INFO - Added sync callback. Total callbacks: 1
2025-09-09 09:46:06,901 - root - INFO - Sync worker started
2025-09-09 09:46:06,901 - root - INFO - Started improved sync with 5s interval
2025-09-09 09:46:06,907 - display_app.services.data_service - WARNING - Today's report not found: report_2025-09-09.json, trying latest report
2025-09-09 09:46:07,120 - root - INFO - Display Application started successfully
2025-09-09 09:47:37,417 - root - INFO - Sync worker stopped
2025-09-09 09:47:37,419 - root - INFO - Stopped improved sync
2025-09-09 09:55:12,770 - root - INFO - Starting Display Application
2025-09-09 09:55:14,206 - display_app.services.chart_service - INFO - Using Persian font: Tahoma
2025-09-09 09:55:14,396 - display_app.services.chart_service - INFO - Using Persian font: Tahoma
2025-09-09 09:55:14,414 - display_app.utils.date_utils - INFO - Persian locale set successfully
2025-09-09 09:55:16,488 - root - INFO - Added sync callback. Total callbacks: 1
2025-09-09 09:55:16,488 - root - INFO - Sync worker started
2025-09-09 09:55:16,488 - root - INFO - Started improved sync with 5s interval
2025-09-09 09:55:16,504 - display_app.services.data_service - WARNING - Today's report not found: report_2025-09-09.json, trying latest report
2025-09-09 09:55:16,730 - root - INFO - Display Application started successfully
2025-09-09 09:55:31,507 - root - INFO - Sync worker stopped
2025-09-09 09:55:31,510 - root - INFO - Stopped improved sync
