2025-09-09 09:44:19,493 - INFO - Added sync callback. Total callbacks: 1
2025-09-09 09:44:19,559 - INFO - Sync worker started
2025-09-09 09:44:19,560 - INFO - Started improved sync with 2s interval
2025-09-09 09:44:20,583 - INFO - Forcing immediate sync
2025-09-09 09:44:20,584 - INFO - Triggering 1 callbacks
2025-09-09 09:44:20,585 - INFO - Callback 1 executed successfully
2025-09-09 09:44:21,636 - INFO - File change detected: report_2025-09-09.json
2025-09-09 09:44:21,637 - INFO - File changes detected, triggering callbacks
2025-09-09 09:44:21,637 - INFO - Triggering 1 callbacks
2025-09-09 09:44:21,695 - INFO - Callback 1 executed successfully
2025-09-09 09:44:23,726 - INFO - Sync worker stopped
2025-09-09 09:44:23,729 - INFO - Stopped improved sync
2025-09-09 09:45:19,676 - INFO - Added sync callback. Total callbacks: 1
2025-09-09 09:45:19,681 - INFO - Sync worker started
2025-09-09 09:45:19,681 - INFO - Started improved sync with 2s interval
2025-09-09 09:45:19,682 - INFO - Forcing immediate sync
2025-09-09 09:45:19,682 - INFO - Triggering 1 callbacks
2025-09-09 09:45:19,683 - INFO - Callback 1 executed successfully
2025-09-09 09:45:21,745 - INFO - File change detected: report_2025-09-09.json
2025-09-09 09:45:21,746 - INFO - File changes detected, triggering callbacks
2025-09-09 09:45:21,746 - INFO - Triggering 1 callbacks
2025-09-09 09:45:21,747 - INFO - Callback 1 executed successfully
2025-09-09 09:45:23,748 - INFO - Sync worker stopped
2025-09-09 09:45:23,748 - INFO - Stopped improved sync
