2025-09-09 07:23:25,700 - INFO - Successfully read: management_app/data\reports\report_2025-09-09.json
2025-09-09 07:23:25,710 - INFO - Successfully read: management_app/data\reports\report_2025-09-03.json
2025-09-09 07:23:25,717 - INFO - Successfully read: management_app/data\reports\report_2025-09-09.json
2025-09-09 07:23:25,740 - INFO - Data loaded successfully
2025-09-09 07:23:25,741 - INFO - Started monitoring: management_app/data
2025-09-09 07:23:25,742 - INFO - Started synchronization
2025-09-09 07:23:25,745 - INFO - Successfully read: management_app/data\reports\report_2025-09-09.json
2025-09-09 07:25:48,714 - INFO - Successfully read: management_app/data\reports\report_2025-09-09.json
2025-09-09 07:25:49,023 - INFO - Data loaded successfully
2025-09-09 07:25:49,025 - INFO - Started monitoring: management_app/data
2025-09-09 07:25:49,025 - INFO - Started synchronization
2025-09-09 07:25:49,029 - INFO - Successfully read: management_app/data\reports\report_2025-09-09.json
2025-09-09 07:25:49,034 - INFO - File created: management_app/data\reports\report_2025-09-09_backup_20250909_072549.json
2025-09-09 07:25:49,034 - INFO - Sync callback triggered
2025-09-09 07:25:49,034 - INFO - Backup created: management_app/data\reports\report_2025-09-09_backup_20250909_072549.json
2025-09-09 07:25:49,037 - INFO - Successfully wrote: management_app/data\reports\report_2025-09-09.json
2025-09-09 07:25:49,045 - INFO - Successfully read: management_app/data\reports\report_2025-09-09.json
2025-09-09 07:25:49,058 - INFO - Backup created: management_app/data\reports\report_2025-09-09_backup_20250909_072549.json
2025-09-09 07:25:49,059 - INFO - Successfully wrote: management_app/data\reports\report_2025-09-09.json
2025-09-09 07:25:49,072 - INFO - Data loaded successfully
2025-09-09 07:25:49,075 - INFO - Sync completed
2025-09-09 07:25:49,076 - INFO - File modified: management_app/data\reports\report_2025-09-09.json
2025-09-09 07:25:49,077 - INFO - Sync callback triggered
2025-09-09 07:25:49,107 - INFO - Successfully read: management_app/data\reports\report_2025-09-09.json
2025-09-09 07:25:49,126 - INFO - Data loaded successfully
2025-09-09 07:25:49,127 - INFO - Sync completed
2025-09-09 07:25:49,132 - INFO - Successfully read: management_app/data\reports\report_2025-09-09.json
2025-09-09 07:29:11,251 - INFO - Successfully read: management_app/data\reports\report_2025-09-09.json
2025-09-09 07:29:11,260 - INFO - Data loaded successfully
2025-09-09 07:29:11,262 - INFO - Started monitoring: management_app/data
2025-09-09 07:29:11,262 - INFO - Started synchronization
2025-09-09 07:29:11,265 - INFO - Successfully read: management_app/data\reports\report_2025-09-09.json
2025-09-09 07:29:11,268 - INFO - File created: management_app/data\reports\report_2025-09-09_backup_20250909_072911.json
2025-09-09 07:29:11,268 - INFO - Sync callback triggered
2025-09-09 07:29:11,270 - INFO - Backup created: management_app/data\reports\report_2025-09-09_backup_20250909_072911.json
2025-09-09 07:29:11,270 - INFO - Successfully wrote: management_app/data\reports\report_2025-09-09.json
2025-09-09 07:29:11,276 - INFO - Successfully read: management_app/data\reports\report_2025-09-09.json
2025-09-09 07:29:11,279 - INFO - Backup created: management_app/data\reports\report_2025-09-09_backup_20250909_072911.json
2025-09-09 07:29:11,280 - INFO - Successfully wrote: management_app/data\reports\report_2025-09-09.json
2025-09-09 07:29:11,289 - INFO - Data loaded successfully
2025-09-09 07:29:11,289 - INFO - Successfully read: management_app/data\reports\report_2025-09-09.json
2025-09-09 07:29:11,289 - INFO - Sync completed
2025-09-09 07:29:11,292 - INFO - File modified: management_app/data\reports\report_2025-09-09.json
2025-09-09 07:38:29,725 - INFO - Successfully read: management_app/data\reports\report_2025-09-09.json
2025-09-09 07:38:29,789 - INFO - Data loaded successfully
2025-09-09 07:38:29,791 - INFO - Started monitoring: management_app/data
2025-09-09 07:38:29,792 - INFO - Started synchronization
2025-09-09 07:39:54,359 - INFO - Successfully read: management_app/data\reports\report_2025-09-09.json
2025-09-09 07:39:54,390 - INFO - Successfully read: management_app/data\reports\report_2025-09-09.json
2025-09-09 07:39:54,403 - INFO - Successfully read: management_app/data\reports\report_2025-09-09.json
2025-09-09 07:39:54,412 - INFO - Successfully read: management_app/data\reports\report_2025-09-09.json
2025-09-09 07:39:54,414 - INFO - Successfully read: management_app/data\reports\report_2025-09-09.json
2025-09-09 08:08:30,258 - INFO - Successfully read: management_app/data\reports\report_2025-09-09.json
2025-09-09 08:08:30,261 - INFO - Backup created: management_app/data\reports\report_2025-09-09_backup_20250909_080830.json
2025-09-09 08:08:30,263 - INFO - Successfully wrote: management_app/data\reports\report_2025-09-09.json
2025-09-09 08:08:31,264 - INFO - Successfully read: management_app/data\reports\report_2025-09-09.json
2025-09-09 08:08:31,264 - INFO - Backup created: management_app/data\reports\report_2025-09-09_backup_20250909_080831.json
2025-09-09 08:08:31,273 - INFO - Successfully wrote: management_app/data\reports\report_2025-09-09.json
2025-09-09 08:08:32,279 - INFO - Successfully read: management_app/data\reports\report_2025-09-09.json
2025-09-09 08:08:32,281 - INFO - Backup created: management_app/data\reports\report_2025-09-09_backup_20250909_080832.json
2025-09-09 08:08:32,283 - INFO - Successfully wrote: management_app/data\reports\report_2025-09-09.json
2025-09-09 08:08:33,289 - INFO - Successfully read: management_app/data\reports\report_2025-09-09.json
2025-09-09 08:08:33,293 - INFO - Backup created: management_app/data\reports\report_2025-09-09_backup_20250909_080833.json
2025-09-09 08:08:33,298 - INFO - Successfully wrote: management_app/data\reports\report_2025-09-09.json
2025-09-09 08:12:37,208 - INFO - Successfully read: management_app/data\reports\report_2025-09-09.json
2025-09-09 08:12:37,210 - INFO - Backup created: management_app/data\reports\report_2025-09-09_backup_20250909_081237.json
2025-09-09 08:12:37,212 - INFO - Successfully wrote: management_app/data\reports\report_2025-09-09.json
2025-09-09 08:12:40,461 - INFO - Successfully read: management_app/data\reports\report_2025-09-09.json
2025-09-09 08:12:40,467 - INFO - Backup created: management_app/data\reports\report_2025-09-09_backup_20250909_081240.json
2025-09-09 08:12:40,470 - INFO - Successfully wrote: management_app/data\reports\report_2025-09-09.json
2025-09-09 08:12:44,287 - INFO - Successfully read: management_app/data\reports\report_2025-09-09.json
2025-09-09 08:12:44,290 - INFO - Backup created: management_app/data\reports\report_2025-09-09_backup_20250909_081244.json
2025-09-09 08:12:44,292 - INFO - Successfully wrote: management_app/data\reports\report_2025-09-09.json
2025-09-09 08:12:48,195 - INFO - Successfully read: management_app/data\reports\report_2025-09-09.json
2025-09-09 08:12:48,202 - INFO - Backup created: management_app/data\reports\report_2025-09-09_backup_20250909_081248.json
2025-09-09 08:12:48,204 - INFO - Successfully wrote: management_app/data\reports\report_2025-09-09.json
2025-09-09 08:12:50,364 - INFO - Successfully read: management_app/data\reports\report_2025-09-09.json
2025-09-09 08:12:53,107 - INFO - Successfully read: management_app/data\reports\report_2025-09-09.json
2025-09-09 08:12:53,110 - INFO - Backup created: management_app/data\reports\report_2025-09-09_backup_20250909_081253.json
2025-09-09 08:12:53,112 - INFO - Successfully wrote: management_app/data\reports\report_2025-09-09.json
2025-09-09 08:12:57,007 - INFO - Successfully read: management_app/data\reports\report_2025-09-09.json
2025-09-09 08:12:57,012 - INFO - Backup created: management_app/data\reports\report_2025-09-09_backup_20250909_081257.json
2025-09-09 08:12:57,015 - INFO - Successfully wrote: management_app/data\reports\report_2025-09-09.json
2025-09-09 08:13:00,733 - INFO - Successfully read: management_app/data\reports\report_2025-09-09.json
2025-09-09 08:13:00,736 - INFO - Backup created: management_app/data\reports\report_2025-09-09_backup_20250909_081300.json
2025-09-09 08:13:00,738 - INFO - Successfully wrote: management_app/data\reports\report_2025-09-09.json
2025-09-09 08:13:04,295 - INFO - Successfully read: management_app/data\reports\report_2025-09-09.json
2025-09-09 08:13:04,297 - INFO - Backup created: management_app/data\reports\report_2025-09-09_backup_20250909_081304.json
2025-09-09 08:13:04,302 - INFO - Successfully wrote: management_app/data\reports\report_2025-09-09.json
2025-09-09 08:13:06,341 - INFO - Successfully read: management_app/data\reports\report_2025-09-09.json
2025-09-09 08:13:06,343 - INFO - Backup created: management_app/data\reports\report_2025-09-09_backup_20250909_081306.json
2025-09-09 08:13:06,344 - INFO - Successfully wrote: management_app/data\reports\report_2025-09-09.json
2025-09-09 08:13:10,032 - INFO - Successfully read: management_app/data\reports\report_2025-09-09.json
2025-09-09 08:13:10,035 - INFO - Backup created: management_app/data\reports\report_2025-09-09_backup_20250909_081310.json
2025-09-09 08:13:10,038 - INFO - Successfully wrote: management_app/data\reports\report_2025-09-09.json
2025-09-09 08:13:13,668 - INFO - Successfully read: management_app/data\reports\report_2025-09-09.json
2025-09-09 08:13:13,672 - INFO - Backup created: management_app/data\reports\report_2025-09-09_backup_20250909_081313.json
2025-09-09 08:13:13,675 - INFO - Successfully wrote: management_app/data\reports\report_2025-09-09.json
2025-09-09 08:13:16,239 - INFO - Successfully read: management_app/data\reports\report_2025-09-09.json
2025-09-09 08:13:16,241 - INFO - Backup created: management_app/data\reports\report_2025-09-09_backup_20250909_081316.json
2025-09-09 08:13:16,244 - INFO - Successfully wrote: management_app/data\reports\report_2025-09-09.json
2025-09-09 08:13:19,395 - INFO - Successfully read: management_app/data\reports\report_2025-09-09.json
2025-09-09 08:13:19,397 - INFO - Backup created: management_app/data\reports\report_2025-09-09_backup_20250909_081319.json
2025-09-09 08:13:19,401 - INFO - Successfully wrote: management_app/data\reports\report_2025-09-09.json
2025-09-09 08:13:22,807 - INFO - Successfully read: management_app/data\reports\report_2025-09-09.json
2025-09-09 08:13:22,810 - INFO - Backup created: management_app/data\reports\report_2025-09-09_backup_20250909_081322.json
2025-09-09 08:13:22,812 - INFO - Successfully wrote: management_app/data\reports\report_2025-09-09.json
2025-09-09 08:13:25,875 - INFO - Successfully read: management_app/data\reports\report_2025-09-09.json
2025-09-09 08:13:25,881 - INFO - Backup created: management_app/data\reports\report_2025-09-09_backup_20250909_081325.json
2025-09-09 08:13:25,886 - INFO - Successfully wrote: management_app/data\reports\report_2025-09-09.json
2025-09-09 08:13:28,843 - INFO - Successfully read: management_app/data\reports\report_2025-09-09.json
2025-09-09 08:13:32,600 - INFO - Successfully read: management_app/data\reports\report_2025-09-09.json
2025-09-09 08:13:35,882 - INFO - Successfully read: management_app/data\reports\report_2025-09-09.json
2025-09-09 08:13:35,883 - INFO - Backup created: management_app/data\reports\report_2025-09-09_backup_20250909_081335.json
2025-09-09 08:13:35,887 - INFO - Successfully wrote: management_app/data\reports\report_2025-09-09.json
2025-09-09 08:13:38,815 - INFO - Successfully read: management_app/data\reports\report_2025-09-09.json
2025-09-09 08:13:38,824 - INFO - Backup created: management_app/data\reports\report_2025-09-09_backup_20250909_081338.json
2025-09-09 08:13:38,826 - INFO - Successfully wrote: management_app/data\reports\report_2025-09-09.json
2025-09-09 08:13:41,260 - INFO - Successfully read: management_app/data\reports\report_2025-09-09.json
2025-09-09 08:13:41,263 - INFO - Backup created: management_app/data\reports\report_2025-09-09_backup_20250909_081341.json
2025-09-09 08:13:41,266 - INFO - Successfully wrote: management_app/data\reports\report_2025-09-09.json
2025-09-09 08:13:44,158 - INFO - Successfully read: management_app/data\reports\report_2025-09-09.json
2025-09-09 08:13:44,164 - INFO - Backup created: management_app/data\reports\report_2025-09-09_backup_20250909_081344.json
2025-09-09 08:13:44,167 - INFO - Successfully wrote: management_app/data\reports\report_2025-09-09.json
2025-09-09 08:13:47,851 - INFO - Successfully read: management_app/data\reports\report_2025-09-09.json
2025-09-09 08:13:47,853 - INFO - Backup created: management_app/data\reports\report_2025-09-09_backup_20250909_081347.json
2025-09-09 08:13:47,856 - INFO - Successfully wrote: management_app/data\reports\report_2025-09-09.json
2025-09-09 08:13:50,926 - INFO - Successfully read: management_app/data\reports\report_2025-09-09.json
2025-09-09 08:13:50,928 - INFO - Backup created: management_app/data\reports\report_2025-09-09_backup_20250909_081350.json
2025-09-09 08:13:50,930 - INFO - Successfully wrote: management_app/data\reports\report_2025-09-09.json
2025-09-09 08:13:53,778 - INFO - Successfully read: management_app/data\reports\report_2025-09-09.json
2025-09-09 08:13:53,784 - INFO - Backup created: management_app/data\reports\report_2025-09-09_backup_20250909_081353.json
2025-09-09 08:13:53,786 - INFO - Successfully wrote: management_app/data\reports\report_2025-09-09.json
2025-09-09 08:13:57,212 - INFO - Successfully read: management_app/data\reports\report_2025-09-09.json
2025-09-09 08:13:57,214 - INFO - Backup created: management_app/data\reports\report_2025-09-09_backup_20250909_081357.json
2025-09-09 08:13:57,217 - INFO - Successfully wrote: management_app/data\reports\report_2025-09-09.json
2025-09-09 08:13:59,516 - INFO - Successfully read: management_app/data\reports\report_2025-09-09.json
2025-09-09 08:13:59,518 - INFO - Backup created: management_app/data\reports\report_2025-09-09_backup_20250909_081359.json
2025-09-09 08:13:59,521 - INFO - Successfully wrote: management_app/data\reports\report_2025-09-09.json
2025-09-09 08:14:02,945 - INFO - Successfully read: management_app/data\reports\report_2025-09-09.json
2025-09-09 08:14:02,949 - INFO - Backup created: management_app/data\reports\report_2025-09-09_backup_20250909_081402.json
2025-09-09 08:14:02,952 - INFO - Successfully wrote: management_app/data\reports\report_2025-09-09.json
2025-09-09 08:14:06,930 - INFO - Successfully read: management_app/data\reports\report_2025-09-09.json
2025-09-09 08:14:09,635 - INFO - Successfully read: management_app/data\reports\report_2025-09-09.json
2025-09-09 08:14:13,638 - INFO - Successfully read: management_app/data\reports\report_2025-09-09.json
2025-09-09 08:14:13,644 - INFO - Backup created: management_app/data\reports\report_2025-09-09_backup_20250909_081413.json
2025-09-09 08:14:13,646 - INFO - Successfully wrote: management_app/data\reports\report_2025-09-09.json
2025-09-09 08:14:17,200 - INFO - Successfully read: management_app/data\reports\report_2025-09-09.json
2025-09-09 08:14:17,203 - INFO - Backup created: management_app/data\reports\report_2025-09-09_backup_20250909_081417.json
2025-09-09 08:14:17,205 - INFO - Successfully wrote: management_app/data\reports\report_2025-09-09.json
2025-09-09 08:14:20,126 - INFO - Successfully read: management_app/data\reports\report_2025-09-09.json
2025-09-09 08:14:20,128 - INFO - Backup created: management_app/data\reports\report_2025-09-09_backup_20250909_081420.json
2025-09-09 08:14:20,132 - INFO - Successfully wrote: management_app/data\reports\report_2025-09-09.json
2025-09-09 08:14:22,679 - INFO - Successfully read: management_app/data\reports\report_2025-09-09.json
2025-09-09 08:14:22,682 - INFO - Backup created: management_app/data\reports\report_2025-09-09_backup_20250909_081422.json
2025-09-09 08:14:22,684 - INFO - Successfully wrote: management_app/data\reports\report_2025-09-09.json
2025-09-09 08:14:26,407 - INFO - Successfully read: management_app/data\reports\report_2025-09-09.json
2025-09-09 08:14:26,409 - INFO - Backup created: management_app/data\reports\report_2025-09-09_backup_20250909_081426.json
2025-09-09 08:14:26,413 - INFO - Successfully wrote: management_app/data\reports\report_2025-09-09.json
2025-09-09 08:14:28,580 - INFO - Successfully read: management_app/data\reports\report_2025-09-09.json
2025-09-09 08:14:28,587 - INFO - Backup created: management_app/data\reports\report_2025-09-09_backup_20250909_081428.json
2025-09-09 08:14:28,590 - INFO - Successfully wrote: management_app/data\reports\report_2025-09-09.json
2025-09-09 08:14:32,443 - INFO - Successfully read: management_app/data\reports\report_2025-09-09.json
2025-09-09 08:14:32,446 - INFO - Backup created: management_app/data\reports\report_2025-09-09_backup_20250909_081432.json
2025-09-09 08:14:32,448 - INFO - Successfully wrote: management_app/data\reports\report_2025-09-09.json
2025-09-09 08:14:35,211 - INFO - Successfully read: management_app/data\reports\report_2025-09-09.json
2025-09-09 08:14:39,021 - INFO - Successfully read: management_app/data\reports\report_2025-09-09.json
2025-09-09 08:14:41,249 - INFO - Successfully read: management_app/data\reports\report_2025-09-09.json
2025-09-09 08:14:41,251 - INFO - Backup created: management_app/data\reports\report_2025-09-09_backup_20250909_081441.json
2025-09-09 08:14:41,254 - INFO - Successfully wrote: management_app/data\reports\report_2025-09-09.json
2025-09-09 08:14:44,559 - INFO - Successfully read: management_app/data\reports\report_2025-09-09.json
2025-09-09 08:14:44,561 - INFO - Backup created: management_app/data\reports\report_2025-09-09_backup_20250909_081444.json
2025-09-09 08:14:44,641 - INFO - Successfully wrote: management_app/data\reports\report_2025-09-09.json
2025-09-09 08:14:47,492 - INFO - Successfully read: management_app/data\reports\report_2025-09-09.json
2025-09-09 08:14:47,494 - INFO - Backup created: management_app/data\reports\report_2025-09-09_backup_20250909_081447.json
2025-09-09 08:14:47,496 - INFO - Successfully wrote: management_app/data\reports\report_2025-09-09.json
2025-09-09 08:14:51,338 - INFO - Successfully read: management_app/data\reports\report_2025-09-09.json
2025-09-09 08:14:51,340 - INFO - Backup created: management_app/data\reports\report_2025-09-09_backup_20250909_081451.json
2025-09-09 08:14:51,345 - INFO - Successfully wrote: management_app/data\reports\report_2025-09-09.json
2025-09-09 08:14:53,687 - INFO - Successfully read: management_app/data\reports\report_2025-09-09.json
2025-09-09 08:14:53,689 - INFO - Backup created: management_app/data\reports\report_2025-09-09_backup_20250909_081453.json
2025-09-09 08:14:53,693 - INFO - Successfully wrote: management_app/data\reports\report_2025-09-09.json
2025-09-09 08:14:56,339 - INFO - Successfully read: management_app/data\reports\report_2025-09-09.json
2025-09-09 08:14:59,991 - INFO - Successfully read: management_app/data\reports\report_2025-09-09.json
2025-09-09 08:14:59,993 - INFO - Backup created: management_app/data\reports\report_2025-09-09_backup_20250909_081459.json
2025-09-09 08:14:59,996 - INFO - Successfully wrote: management_app/data\reports\report_2025-09-09.json
2025-09-09 08:15:02,553 - INFO - Successfully read: management_app/data\reports\report_2025-09-09.json
2025-09-09 08:15:06,448 - INFO - Successfully read: management_app/data\reports\report_2025-09-09.json
2025-09-09 08:15:09,303 - INFO - Successfully read: management_app/data\reports\report_2025-09-09.json
2025-09-09 08:15:09,305 - INFO - Backup created: management_app/data\reports\report_2025-09-09_backup_20250909_081509.json
2025-09-09 08:15:09,307 - INFO - Successfully wrote: management_app/data\reports\report_2025-09-09.json
2025-09-09 08:15:11,789 - INFO - Successfully read: management_app/data\reports\report_2025-09-09.json
2025-09-09 08:15:11,797 - INFO - Backup created: management_app/data\reports\report_2025-09-09_backup_20250909_081511.json
2025-09-09 08:15:11,799 - INFO - Successfully wrote: management_app/data\reports\report_2025-09-09.json
2025-09-09 08:15:14,842 - INFO - Successfully read: management_app/data\reports\report_2025-09-09.json
2025-09-09 08:15:18,607 - INFO - Successfully read: management_app/data\reports\report_2025-09-09.json
2025-09-09 08:15:18,610 - INFO - Backup created: management_app/data\reports\report_2025-09-09_backup_20250909_081518.json
2025-09-09 08:15:18,612 - INFO - Successfully wrote: management_app/data\reports\report_2025-09-09.json
2025-09-09 08:15:21,580 - INFO - Successfully read: management_app/data\reports\report_2025-09-09.json
2025-09-09 08:15:21,582 - INFO - Backup created: management_app/data\reports\report_2025-09-09_backup_20250909_081521.json
2025-09-09 08:15:21,585 - INFO - Successfully wrote: management_app/data\reports\report_2025-09-09.json
2025-09-09 08:15:24,171 - INFO - Successfully read: management_app/data\reports\report_2025-09-09.json
2025-09-09 08:15:24,175 - INFO - Backup created: management_app/data\reports\report_2025-09-09_backup_20250909_081524.json
2025-09-09 08:15:24,178 - INFO - Successfully wrote: management_app/data\reports\report_2025-09-09.json
2025-09-09 08:15:27,769 - INFO - Successfully read: management_app/data\reports\report_2025-09-09.json
2025-09-09 08:15:27,773 - INFO - Backup created: management_app/data\reports\report_2025-09-09_backup_20250909_081527.json
2025-09-09 08:15:27,775 - INFO - Successfully wrote: management_app/data\reports\report_2025-09-09.json
2025-09-09 08:15:31,645 - INFO - Successfully read: management_app/data\reports\report_2025-09-09.json
2025-09-09 08:15:33,993 - INFO - Successfully read: management_app/data\reports\report_2025-09-09.json
2025-09-09 08:15:33,995 - INFO - Backup created: management_app/data\reports\report_2025-09-09_backup_20250909_081533.json
2025-09-09 08:15:33,999 - INFO - Successfully wrote: management_app/data\reports\report_2025-09-09.json
2025-09-09 08:15:36,391 - INFO - Successfully read: management_app/data\reports\report_2025-09-09.json
2025-09-09 08:15:38,411 - INFO - Successfully read: management_app/data\reports\report_2025-09-09.json
2025-09-09 08:15:38,414 - INFO - Backup created: management_app/data\reports\report_2025-09-09_backup_20250909_081538.json
2025-09-09 08:15:38,419 - INFO - Successfully wrote: management_app/data\reports\report_2025-09-09.json
2025-09-09 08:15:42,113 - INFO - Successfully read: management_app/data\reports\report_2025-09-09.json
2025-09-09 08:15:44,616 - INFO - Successfully read: management_app/data\reports\report_2025-09-09.json
2025-09-09 08:15:44,620 - INFO - Backup created: management_app/data\reports\report_2025-09-09_backup_20250909_081544.json
2025-09-09 08:15:44,623 - INFO - Successfully wrote: management_app/data\reports\report_2025-09-09.json
2025-09-09 08:15:48,516 - INFO - Successfully read: management_app/data\reports\report_2025-09-09.json
2025-09-09 08:15:48,525 - INFO - Backup created: management_app/data\reports\report_2025-09-09_backup_20250909_081548.json
2025-09-09 08:15:48,527 - INFO - Successfully wrote: management_app/data\reports\report_2025-09-09.json
2025-09-09 08:15:52,511 - INFO - Successfully read: management_app/data\reports\report_2025-09-09.json
2025-09-09 08:15:56,276 - INFO - Successfully read: management_app/data\reports\report_2025-09-09.json
2025-09-09 08:15:56,278 - INFO - Backup created: management_app/data\reports\report_2025-09-09_backup_20250909_081556.json
2025-09-09 08:15:56,280 - INFO - Successfully wrote: management_app/data\reports\report_2025-09-09.json
2025-09-09 08:16:00,207 - INFO - Successfully read: management_app/data\reports\report_2025-09-09.json
2025-09-09 08:16:00,210 - INFO - Backup created: management_app/data\reports\report_2025-09-09_backup_20250909_081600.json
2025-09-09 08:16:00,213 - INFO - Successfully wrote: management_app/data\reports\report_2025-09-09.json
2025-09-09 08:16:03,474 - INFO - Successfully read: management_app/data\reports\report_2025-09-09.json
2025-09-09 08:16:03,477 - INFO - Backup created: management_app/data\reports\report_2025-09-09_backup_20250909_081603.json
2025-09-09 08:16:03,480 - INFO - Successfully wrote: management_app/data\reports\report_2025-09-09.json
2025-09-09 08:16:07,418 - INFO - Successfully read: management_app/data\reports\report_2025-09-09.json
2025-09-09 08:16:10,028 - INFO - Successfully read: management_app/data\reports\report_2025-09-09.json
2025-09-09 08:16:10,031 - INFO - Backup created: management_app/data\reports\report_2025-09-09_backup_20250909_081610.json
2025-09-09 08:16:10,033 - INFO - Successfully wrote: management_app/data\reports\report_2025-09-09.json
2025-09-09 08:16:13,572 - INFO - Successfully read: management_app/data\reports\report_2025-09-09.json
2025-09-09 08:16:13,574 - INFO - Backup created: management_app/data\reports\report_2025-09-09_backup_20250909_081613.json
2025-09-09 08:16:13,576 - INFO - Successfully wrote: management_app/data\reports\report_2025-09-09.json
2025-09-09 08:16:16,738 - INFO - Successfully read: management_app/data\reports\report_2025-09-09.json
2025-09-09 08:16:19,020 - INFO - Successfully read: management_app/data\reports\report_2025-09-09.json
2025-09-09 08:16:22,533 - INFO - Successfully read: management_app/data\reports\report_2025-09-09.json
2025-09-09 08:16:25,297 - INFO - Successfully read: management_app/data\reports\report_2025-09-09.json
2025-09-09 08:16:25,299 - INFO - Backup created: management_app/data\reports\report_2025-09-09_backup_20250909_081625.json
2025-09-09 08:16:25,302 - INFO - Successfully wrote: management_app/data\reports\report_2025-09-09.json
2025-09-09 08:57:34,939 - INFO - Successfully read: management_app/data\reports\report_2025-09-09.json
2025-09-09 08:57:34,983 - INFO - Data loaded successfully
2025-09-09 08:57:34,985 - INFO - Started monitoring: management_app/data
2025-09-09 08:57:34,985 - INFO - Started synchronization
